<?xml version="1.0" encoding="UTF-8"?>
<testsuite name="org.apache.ranger.rest.TestTagREST" time="0.125" tests="61" errors="0" skipped="0" failures="0">
  <properties>
[...]
</properties>
  <testcase name="test10getTagDefByGuid" classname="org.apache.ranger.rest.TestTagREST" time="0.001"/>
  <testcase name="test11getTagDefByGuid" classname="org.apache.ranger.rest.TestTagREST" time="0.001"/>
  <testcase name="test12getTagDefByName" classname="org.apache.ranger.rest.TestTagREST" time="0"/>
  <testcase name="test13getTagDefByName" classname="org.apache.ranger.rest.TestTagREST" time="0.001"/>
  <testcase name="test14getAllTagDefs" classname="org.apache.ranger.rest.TestTagREST" time="0.001"/>
  <testcase name="test15getAllTagDefs" classname="org.apache.ranger.rest.TestTagREST" time="0.001"/>
  <testcase name="test16getTagTypes" classname="org.apache.ranger.rest.TestTagREST" time="0.002"/>
  <testcase name="test17createTag" classname="org.apache.ranger.rest.TestTagREST" time="0.003"/>
  <testcase name="test18createTag" classname="org.apache.ranger.rest.TestTagREST" time="0.002"/>
  <testcase name="test19createTag" classname="org.apache.ranger.rest.TestTagREST" time="0.015"/>
  <testcase name="test1createTagDef" classname="org.apache.ranger.rest.TestTagREST" time="0.001"/>
  <testcase name="test20updateTagByGuid" classname="org.apache.ranger.rest.TestTagREST" time="0.006"/>
  <testcase name="test21deleteTag" classname="org.apache.ranger.rest.TestTagREST" time="0.002"/>
  <testcase name="test22deleteTagByGuid" classname="org.apache.ranger.rest.TestTagREST" time="0"/>
  <testcase name="test23getTag" classname="org.apache.ranger.rest.TestTagREST" time="0"/>
  <testcase name="test24getTagByGuid" classname="org.apache.ranger.rest.TestTagREST" time="0.003"/>
  <testcase name="test25getTagsByType" classname="org.apache.ranger.rest.TestTagREST" time="0.004"/>
  <testcase name="test26getAllTags" classname="org.apache.ranger.rest.TestTagREST" time="0"/>
  <testcase name="test27createServiceResource" classname="org.apache.ranger.rest.TestTagREST" time="0.002"/>
  <testcase name="test28createServiceResource" classname="org.apache.ranger.rest.TestTagREST" time="0.003"/>
  <testcase name="test29createServiceResource" classname="org.apache.ranger.rest.TestTagREST" time="0.003"/>
  <testcase name="test2createTagDef" classname="org.apache.ranger.rest.TestTagREST" time="0"/>
  <testcase name="test30updateServiceResourceByGuid" classname="org.apache.ranger.rest.TestTagREST" time="0"/>
  <testcase name="test31deleteServiceResource" classname="org.apache.ranger.rest.TestTagREST" time="0.003"/>
  <testcase name="test32getServiceResource" classname="org.apache.ranger.rest.TestTagREST" time="0.003"/>
  <testcase name="test33getServiceResourceByGuid" classname="org.apache.ranger.rest.TestTagREST" time="0.005"/>
  <testcase name="test34getServiceResourcesByService" classname="org.apache.ranger.rest.TestTagREST" time="0"/>
  <testcase name="test35getServiceResourcesByService" classname="org.apache.ranger.rest.TestTagREST" time="0.003"/>
  <testcase name="test36getServiceResourceByServiceAndResourceSignature" classname="org.apache.ranger.rest.TestTagREST" time="0"/>
  <testcase name="test37getAllServiceResources" classname="org.apache.ranger.rest.TestTagREST" time="0"/>
  <testcase name="test38createTagResourceMap" classname="org.apache.ranger.rest.TestTagREST" time="0.002"/>
  <testcase name="test39createTagResourceMap" classname="org.apache.ranger.rest.TestTagREST" time="0.004"/>
  <testcase name="test3createTagDef" classname="org.apache.ranger.rest.TestTagREST" time="0.002"/>
  <testcase name="test40createTagResourceMap" classname="org.apache.ranger.rest.TestTagREST" time="0.001"/>
  <testcase name="test41deleteTagResourceMap" classname="org.apache.ranger.rest.TestTagREST" time="0.001"/>
  <testcase name="test42deleteTagResourceMapByGuid" classname="org.apache.ranger.rest.TestTagREST" time="0.004"/>
  <testcase name="test43deleteTagResourceMap" classname="org.apache.ranger.rest.TestTagREST" time="0"/>
  <testcase name="test44getTagResourceMap" classname="org.apache.ranger.rest.TestTagREST" time="0"/>
  <testcase name="test45getTagResourceMapByGuid" classname="org.apache.ranger.rest.TestTagREST" time="0.004"/>
  <testcase name="test46getTagResourceMap" classname="org.apache.ranger.rest.TestTagREST" time="0"/>
  <testcase name="test47getAllTagResourceMaps" classname="org.apache.ranger.rest.TestTagREST" time="0"/>
  <testcase name="test48deleteServiceResourceByGuid" classname="org.apache.ranger.rest.TestTagREST" time="0.005"/>
  <testcase name="test49deleteServiceResourceByGuid" classname="org.apache.ranger.rest.TestTagREST" time="0"/>
  <testcase name="test4createTagDef" classname="org.apache.ranger.rest.TestTagREST" time="0.002"/>
  <testcase name="test50getServiceTagsIfUpdated" classname="org.apache.ranger.rest.TestTagREST" time="0.002"/>
  <testcase name="test51getServiceTagsIfUpdated" classname="org.apache.ranger.rest.TestTagREST" time="0.002"/>
  <testcase name="test52getSecureServiceTagsIfUpdatedIsKeyAdminTrue" classname="org.apache.ranger.rest.TestTagREST" time="0.004"/>
  <testcase name="test53getSecureServiceTagsIfUpdatedIsAdminTrue" classname="org.apache.ranger.rest.TestTagREST" time="0.003"/>
  <testcase name="test54getSecureServiceTagsIfUpdatedIsKeyAdminFalse" classname="org.apache.ranger.rest.TestTagREST" time="0.004"/>
  <testcase name="test55getSecureServiceTagsIfUpdatedIsAdminFalse" classname="org.apache.ranger.rest.TestTagREST" time="0.007"/>
  <testcase name="test56getSecureServiceTagsIfUpdatedIsAllowedFalse" classname="org.apache.ranger.rest.TestTagREST" time="0.003"/>
  <testcase name="test57getSecureServiceTagsIfUpdated" classname="org.apache.ranger.rest.TestTagREST" time="0.004"/>
  <testcase name="test58getAllTagResourceMaps" classname="org.apache.ranger.rest.TestTagREST" time="0"/>
  <testcase name="test59getServiceResourcesByService" classname="org.apache.ranger.rest.TestTagREST" time="0.002"/>
  <testcase name="test5deleteTagDef" classname="org.apache.ranger.rest.TestTagREST" time="0"/>
  <testcase name="test60getAllTags" classname="org.apache.ranger.rest.TestTagREST" time="0"/>
  <testcase name="test61deleteServiceResourceByGuid" classname="org.apache.ranger.rest.TestTagREST" time="0"/>
  <testcase name="test6deleteTagDefByGuid" classname="org.apache.ranger.rest.TestTagREST" time="0.001"/>
  <testcase name="test7deleteTagDefByGuid" classname="org.apache.ranger.rest.TestTagREST" time="0.001"/>
  <testcase name="test8getTagDef" classname="org.apache.ranger.rest.TestTagREST" time="0.001"/>
  <testcase name="test9getTagDef" classname="org.apache.ranger.rest.TestTagREST" time="0.001"/>
</testsuite>