<?xml version="1.0" encoding="UTF-8"?>
<testsuite name="org.apache.ranger.usergroupsync.TestLdapUserGroup" time="59.374" tests="29" errors="0" skipped="0" failures="0">
  <properties>
[...]
</properties>
  <testcase name="testUpdateSinkMultipleOUGroups" classname="org.apache.ranger.usergroupsync.TestLdapUserGroup" time="2.699"/>
  <testcase name="testUpdateSinkGroupSearchDisable" classname="org.apache.ranger.usergroupsync.TestLdapUserGroup" time="2.474"/>
  <testcase name="testMultipleOUGroupsNoGroupSearch" classname="org.apache.ranger.usergroupsync.TestLdapUserGroup" time="2.034"/>
  <testcase name="testMultipleOUInvalidOU" classname="org.apache.ranger.usergroupsync.TestLdapUserGroup" time="2.371"/>
  <testcase name="testGBWithUserSearchDisabled" classname="org.apache.ranger.usergroupsync.TestLdapUserGroup" time="1.554"/>
  <testcase name="testUpdateSinkWithEmptyUserSearchBase" classname="org.apache.ranger.usergroupsync.TestLdapUserGroup" time="1.757"/>
  <testcase name="testUpdateSinkMultipleOUsNoGroupSearch" classname="org.apache.ranger.usergroupsync.TestLdapUserGroup" time="1.807"/>
  <testcase name="testDeltaGBWithUserSearchDisabled" classname="org.apache.ranger.usergroupsync.TestLdapUserGroup" time="1.637"/>
  <testcase name="testDeltaUpdateSinkTotalGroups" classname="org.apache.ranger.usergroupsync.TestLdapUserGroup" time="1.546"/>
  <testcase name="testUpdateSinkShortUserName" classname="org.apache.ranger.usergroupsync.TestLdapUserGroup" time="1.647"/>
  <testcase name="testGroupBasedWithSingleOU" classname="org.apache.ranger.usergroupsync.TestLdapUserGroup" time="1.963"/>
  <testcase name="testUpdateSinkUserFilter" classname="org.apache.ranger.usergroupsync.TestLdapUserGroup" time="1.712"/>
  <testcase name="testDeltaUpdateSinkMultipleOUGroups" classname="org.apache.ranger.usergroupsync.TestLdapUserGroup" time="1.691"/>
  <testcase name="testUpdateSinkWithUserGroupMapping" classname="org.apache.ranger.usergroupsync.TestLdapUserGroup" time="3.876"/>
  <testcase name="testGroupBasedWithUserFilter" classname="org.apache.ranger.usergroupsync.TestLdapUserGroup" time="1.817"/>
  <testcase name="testDeltaGroupBasedWithUserFilter" classname="org.apache.ranger.usergroupsync.TestLdapUserGroup" time="1.831"/>
  <testcase name="testGBWithNoUsersAndUserSearchDisabled" classname="org.apache.ranger.usergroupsync.TestLdapUserGroup" time="1.667"/>
  <testcase name="testDeltaGroupBasedWithNoUsers" classname="org.apache.ranger.usergroupsync.TestLdapUserGroup" time="2.233"/>
  <testcase name="testUpdateSinkTotalGroups" classname="org.apache.ranger.usergroupsync.TestLdapUserGroup" time="3.488"/>
  <testcase name="testUpdateSinkWithoutPagedResults" classname="org.apache.ranger.usergroupsync.TestLdapUserGroup" time="1.652"/>
  <testcase name="testGBWithInvalidOU" classname="org.apache.ranger.usergroupsync.TestLdapUserGroup" time="1.585"/>
  <testcase name="testGroupBasedWithAllUsersAndGroups" classname="org.apache.ranger.usergroupsync.TestLdapUserGroup" time="1.807"/>
  <testcase name="testGroupBasedAllUsers" classname="org.apache.ranger.usergroupsync.TestLdapUserGroup" time="1.523"/>
  <testcase name="testGroupBasedWithNoUsers" classname="org.apache.ranger.usergroupsync.TestLdapUserGroup" time="1.541"/>
  <testcase name="testMultipleOUGroupsWithGroupSearch" classname="org.apache.ranger.usergroupsync.TestLdapUserGroup" time="4.267"/>
  <testcase name="testUpdateSinkTotalUsers" classname="org.apache.ranger.usergroupsync.TestLdapUserGroup" time="1.907"/>
  <testcase name="testUpdateSinkGroupFilter" classname="org.apache.ranger.usergroupsync.TestLdapUserGroup" time="2.023"/>
  <testcase name="testShortUserNameWithGroupBased" classname="org.apache.ranger.usergroupsync.TestLdapUserGroup" time="1.459"/>
  <testcase name="testUpdateSinkMultipleOUs" classname="org.apache.ranger.usergroupsync.TestLdapUserGroup" time="1.806"/>
</testsuite>